VolleySense installer run
Started at: 2025-10-20T04:49:53.451453Z
Python: 3.13.5 | packaged by Anaconda, Inc. | (main, Jun 12 2025, 16:09:02) [GCC 11.2.0]
Platform: Linux-6.6.87.2-microsoft-standard-WSL2-x86_64-with-glibc2.39
Executable: /mnt/c/Users/sscha/OneDrive/Documents/GitHub/HotMama/.venv/bin/python

Installing core packages...
Running command: /mnt/c/Users/sscha/OneDrive/Documents/GitHub/HotMama/.venv/bin/python -m pip install fastapi
  stdout tail:
    Requirement already satisfied: pydantic-core==2.41.4 in ./.venv/lib/python3.13/site-packages (from pydantic!=1.8,!=1.8.1,!=2.0.0,!=2.0.1,!=2.1.0,<3.0.0,>=1.7.4->fastapi) (2.41.4)
    Requirement already satisfied: typing-inspection>=0.4.2 in ./.venv/lib/python3.13/site-packages (from pydantic!=1.8,!=1.8.1,!=2.0.0,!=2.0.1,!=2.1.0,<3.0.0,>=1.7.4->fastapi) (0.4.2)
    Requirement already satisfied: anyio<5,>=3.6.2 in ./.venv/lib/python3.13/site-packages (from starlette<0.49.0,>=0.40.0->fastapi) (4.11.0)
    Requirement already satisfied: idna>=2.8 in ./.venv/lib/python3.13/site-packages (from anyio<5,>=3.6.2->starlette<0.49.0,>=0.40.0->fastapi) (3.11)
    Requirement already satisfied: sniffio>=1.1 in ./.venv/lib/python3.13/site-packages (from anyio<5,>=3.6.2->starlette<0.49.0,>=0.40.0->fastapi) (1.3.1)
  return code: 0
Result: fastapi succeeded
Running command: /mnt/c/Users/sscha/OneDrive/Documents/GitHub/HotMama/.venv/bin/python -m pip install uvicorn
  stdout tail:
    Requirement already satisfied: uvicorn in ./.venv/lib/python3.13/site-packages (0.38.0)
    Requirement already satisfied: click>=7.0 in ./.venv/lib/python3.13/site-packages (from uvicorn) (8.3.0)
    Requirement already satisfied: h11>=0.8 in ./.venv/lib/python3.13/site-packages (from uvicorn) (0.16.0)
  return code: 0
Result: uvicorn succeeded
Running command: /mnt/c/Users/sscha/OneDrive/Documents/GitHub/HotMama/.venv/bin/python -m pip install jinja2
  stdout tail:
    Requirement already satisfied: jinja2 in ./.venv/lib/python3.13/site-packages (3.1.6)
    Requirement already satisfied: MarkupSafe>=2.0 in ./.venv/lib/python3.13/site-packages (from jinja2) (3.0.3)
  return code: 0
Result: jinja2 succeeded
Running command: /mnt/c/Users/sscha/OneDrive/Documents/GitHub/HotMama/.venv/bin/python -m pip install python-multipart
  stdout tail:
    Requirement already satisfied: python-multipart in ./.venv/lib/python3.13/site-packages (0.0.20)
  return code: 0
Result: python-multipart succeeded
Running command: /mnt/c/Users/sscha/OneDrive/Documents/GitHub/HotMama/.venv/bin/python -m pip install requests
  stdout tail:
    Requirement already satisfied: requests in ./.venv/lib/python3.13/site-packages (2.32.5)
    Requirement already satisfied: charset_normalizer<4,>=2 in ./.venv/lib/python3.13/site-packages (from requests) (3.4.4)
    Requirement already satisfied: idna<4,>=2.5 in ./.venv/lib/python3.13/site-packages (from requests) (3.11)
    Requirement already satisfied: urllib3<3,>=1.21.1 in ./.venv/lib/python3.13/site-packages (from requests) (2.5.0)
    Requirement already satisfied: certifi>=2017.4.17 in ./.venv/lib/python3.13/site-packages (from requests) (2025.10.5)
  return code: 0
Result: requests succeeded
Running command: /mnt/c/Users/sscha/OneDrive/Documents/GitHub/HotMama/.venv/bin/python -m pip install pillow
  stdout tail:
    Requirement already satisfied: pillow in ./.venv/lib/python3.13/site-packages (12.0.0)
  return code: 0
Result: pillow succeeded
Running command: /mnt/c/Users/sscha/OneDrive/Documents/GitHub/HotMama/.venv/bin/python -m pip install numpy
  stdout tail:
    Requirement already satisfied: numpy in ./.venv/lib/python3.13/site-packages (2.2.6)
  return code: 0
Result: numpy succeeded
Running command: /mnt/c/Users/sscha/OneDrive/Documents/GitHub/HotMama/.venv/bin/python -m pip install ultralytics
  stdout tail:
    Requirement already satisfied: nvidia-cufile-cu12==1.13.1.3 in ./.venv/lib/python3.13/site-packages (from torch>=1.8.0->ultralytics) (1.13.1.3)
    Requirement already satisfied: triton==3.5.0 in ./.venv/lib/python3.13/site-packages (from torch>=1.8.0->ultralytics) (3.5.0)
    Requirement already satisfied: mpmath<1.4,>=1.1.0 in ./.venv/lib/python3.13/site-packages (from sympy>=1.13.3->torch>=1.8.0->ultralytics) (1.3.0)
    Requirement already satisfied: MarkupSafe>=2.0 in ./.venv/lib/python3.13/site-packages (from jinja2->torch>=1.8.0->ultralytics) (3.0.3)
    Requirement already satisfied: polars-runtime-32==1.34.0 in ./.venv/lib/python3.13/site-packages (from polars->ultralytics) (1.34.0)
  return code: 0
Result: ultralytics succeeded
Running command: /mnt/c/Users/sscha/OneDrive/Documents/GitHub/HotMama/.venv/bin/python -m pip install matplotlib
  stdout tail:
    Requirement already satisfied: packaging>=20.0 in ./.venv/lib/python3.13/site-packages (from matplotlib) (25.0)
    Requirement already satisfied: pillow>=8 in ./.venv/lib/python3.13/site-packages (from matplotlib) (12.0.0)
    Requirement already satisfied: pyparsing>=3 in ./.venv/lib/python3.13/site-packages (from matplotlib) (3.2.5)
    Requirement already satisfied: python-dateutil>=2.7 in ./.venv/lib/python3.13/site-packages (from matplotlib) (2.9.0.post0)
    Requirement already satisfied: six>=1.5 in ./.venv/lib/python3.13/site-packages (from python-dateutil>=2.7->matplotlib) (1.17.0)
  return code: 0
Result: matplotlib succeeded
Installing OpenCV with fallback...
Running command: /mnt/c/Users/sscha/OneDrive/Documents/GitHub/HotMama/.venv/bin/python -m pip install opencv-python-headless
  stdout tail:
    Requirement already satisfied: opencv-python-headless in ./.venv/lib/python3.13/site-packages (4.12.0.88)
    Requirement already satisfied: numpy<2.3.0,>=2 in ./.venv/lib/python3.13/site-packages (from opencv-python-headless) (2.2.6)
  return code: 0
Result: opencv-python-headless succeeded
Attempting GPU packages...
Running command: /mnt/c/Users/sscha/OneDrive/Documents/GitHub/HotMama/.venv/bin/python -m pip install torch torchvision --index-url https://download.pytorch.org/whl/cu121
  stdout tail:
    Requirement already satisfied: triton==3.5.0 in ./.venv/lib/python3.13/site-packages (from torch) (3.5.0)
    Requirement already satisfied: numpy in ./.venv/lib/python3.13/site-packages (from torchvision) (2.2.6)
    Requirement already satisfied: pillow!=8.3.*,>=5.3.0 in ./.venv/lib/python3.13/site-packages (from torchvision) (12.0.0)
    Requirement already satisfied: mpmath<1.4,>=1.1.0 in ./.venv/lib/python3.13/site-packages (from sympy>=1.13.3->torch) (1.3.0)
    Requirement already satisfied: MarkupSafe>=2.0 in ./.venv/lib/python3.13/site-packages (from jinja2->torch) (3.0.3)
  return code: 0
Result: torch succeeded
Installing optional extras...
Running command: /mnt/c/Users/sscha/OneDrive/Documents/GitHub/HotMama/.venv/bin/python -m pip install onnxruntime-gpu
  stdout tail:
    Requirement already satisfied: packaging in ./.venv/lib/python3.13/site-packages (from onnxruntime-gpu) (25.0)
    Requirement already satisfied: protobuf in ./.venv/lib/python3.13/site-packages (from onnxruntime-gpu) (6.33.0)
    Requirement already satisfied: sympy in ./.venv/lib/python3.13/site-packages (from onnxruntime-gpu) (1.14.0)
    Requirement already satisfied: humanfriendly>=9.1 in ./.venv/lib/python3.13/site-packages (from coloredlogs->onnxruntime-gpu) (10.0)
    Requirement already satisfied: mpmath<1.4,>=1.1.0 in ./.venv/lib/python3.13/site-packages (from sympy->onnxruntime-gpu) (1.3.0)
  return code: 0
Result: onnxruntime-gpu succeeded
❌ flash-attn: skipped (torch=2.9.0+cu128, cuda=12.8, arch=sm_120)
Running command: /mnt/c/Users/sscha/OneDrive/Documents/GitHub/HotMama/.venv/bin/python -m pip install tensorrt
  stdout tail:
    Requirement already satisfied: tensorrt in ./.venv/lib/python3.13/site-packages (10.13.3.9)
    Requirement already satisfied: tensorrt_cu13==10.13.3.9 in ./.venv/lib/python3.13/site-packages (from tensorrt) (10.13.3.9)
    Requirement already satisfied: tensorrt_cu13_libs==10.13.3.9 in ./.venv/lib/python3.13/site-packages (from tensorrt_cu13==10.13.3.9->tensorrt) (10.13.3.9)
    Requirement already satisfied: tensorrt_cu13_bindings==10.13.3.9 in ./.venv/lib/python3.13/site-packages (from tensorrt_cu13==10.13.3.9->tensorrt) (10.13.3.9)
    Requirement already satisfied: nvidia-cuda-runtime-cu13 in ./.venv/lib/python3.13/site-packages (from tensorrt_cu13_libs==10.13.3.9->tensorrt_cu13==10.13.3.9->tensorrt) (0.0.0a0)
  return code: 0
Result: tensorrt succeeded

Verifying imports...
✅ Imported fastapi
✅ Imported numpy
✅ Imported matplotlib

Installation summary:
✅ fastapi: Requirement already satisfied: sniffio>=1.1 in ./.venv/lib/python3.13/site-packages (from anyio<5,>=3.6.2->starlette<0.49.0,>=0.40.0->fastapi) (1.3.1)
✅ uvicorn: Requirement already satisfied: h11>=0.8 in ./.venv/lib/python3.13/site-packages (from uvicorn) (0.16.0)
✅ jinja2: Requirement already satisfied: MarkupSafe>=2.0 in ./.venv/lib/python3.13/site-packages (from jinja2) (3.0.3)
✅ python-multipart: Requirement already satisfied: python-multipart in ./.venv/lib/python3.13/site-packages (0.0.20)
✅ requests: Requirement already satisfied: certifi>=2017.4.17 in ./.venv/lib/python3.13/site-packages (from requests) (2025.10.5)
✅ pillow: Requirement already satisfied: pillow in ./.venv/lib/python3.13/site-packages (12.0.0)
✅ numpy: Requirement already satisfied: numpy in ./.venv/lib/python3.13/site-packages (2.2.6)
✅ ultralytics: Requirement already satisfied: polars-runtime-32==1.34.0 in ./.venv/lib/python3.13/site-packages (from polars->ultralytics) (1.34.0)
✅ matplotlib: Requirement already satisfied: six>=1.5 in ./.venv/lib/python3.13/site-packages (from python-dateutil>=2.7->matplotlib) (1.17.0)
✅ opencv-python-headless: Requirement already satisfied: numpy<2.3.0,>=2 in ./.venv/lib/python3.13/site-packages (from opencv-python-headless) (2.2.6)
✅ torch: Requirement already satisfied: MarkupSafe>=2.0 in ./.venv/lib/python3.13/site-packages (from jinja2->torch) (3.0.3)
✅ onnxruntime-gpu: Requirement already satisfied: mpmath<1.4,>=1.1.0 in ./.venv/lib/python3.13/site-packages (from sympy->onnxruntime-gpu) (1.3.0)
✅ tensorrt: Requirement already satisfied: nvidia-cuda-runtime-cu13 in ./.venv/lib/python3.13/site-packages (from tensorrt_cu13_libs==10.13.3.9->tensorrt_cu13==10.13.3.9->tensorrt) (0.0.0a0)
❌ flash-attn: skipped (torch=2.9.0+cu128, cuda=12.8, arch=sm_120)

Some packages failed to install. See install.log for full diagnostics.
Log saved to: /mnt/c/Users/sscha/OneDrive/Documents/GitHub/HotMama/tools/install.log
